<?xml version="1.0" encoding="UTF-8" ?>
<testsuites errors="1"
            failures="1"
            tests="1">

  <testsuite name="round-trip-test"
    errors="1" failures="1" hostname="" id="" package="round-trip-test" skipped="0"
    tests="1" time="77.75" timestamp="">
  
    <testcase name="Round trip ticket booking test" classname="round-trip-test" time="77.75" assertions="3">

    

      <failure message="waiting for email field to be visible on the page - expected &#34;visible&#34; but got: &#34;not visible&#34; (3122ms)">    at Page.enterEmailAddress (E:\airlinesite-demo\page-objects\flightsSearchPage.js:85:14)
    at Object.Round trip ticket booking test (E:\airlinesite-demo\tests\round-trip-test.js:19:14)</failure>
<system-out>[[ATTACHMENT|E:\airlinesite-demo\tests_reports\screenshots\round-trip-test\Round-trip-ticket-booking-test_FAILED_Dec-09-2019-184256-GMT+0400-(Gulf-Standard.png]]</system-out>
    <failure message="    at Page.enterEmailAddress (E:\airlinesite-demo\page-objects\flightsSearchPage.js:85:14)">    at Object.Round trip ticket booking test (E:\airlinesite-demo\tests\round-trip-test.js:19:14)</failure>
    </testcase>
  

  
    <system-err>
        TimeoutError: An error occurred while running .click() command on &lt;.primary.nearByAirportWarningBtn&gt;:   (Session info: chrome=78.0.3904.108),  (Driver info: chromedriver=78.0.3904.70 (edb9c9f3de0247fd912a77b7f6cae7447f6d3ad5-refs/branch-heads/3904@{#800}),platform=Windows NT 10.0.17763 x86_64); element not interactable
   {&#34;status&#34;:-1,&#34;state&#34;:&#34;&#34;,&#34;value&#34;:{&#34;message&#34;:&#34;element not interactable&#34;,&#34;error&#34;:[&#34;  (Session info: chrome=78.0.3904.108)&#34;,&#34;  (Driver info: chromedriver=78.0.3904.70 (edb9c9f3de0247fd912a77b7f6cae7447f6d3ad5-refs/branch-heads/3904@{#800}),platform=Windows NT 10.0.17763 x86_64)&#34;]},&#34;errorStatus&#34;:11,&#34;error&#34;:&#34;element not interactable&#34;,&#34;httpStatusCode&#34;:200}
       at process._tickCallback (internal/process/next_tick.js:68:7)
    </system-err>
  

  
  </testsuite>
</testsuites>
